This file contains any messages produced by compilers while
running configure, to aid debugging if configure makes a mistake.

It was created by libmms configure 0.6.2, which was
generated by GNU Autoconf 2.66.  Invocation command line was

  $ ./configure 

## --------- ##
## Platform. ##
## --------- ##

hostname = workstation
uname -m = x86_64
uname -r = 3.5.0-26-generic
uname -s = Linux
uname -v = #42~precise1-Ubuntu SMP Mon Mar 11 22:17:58 UTC 2013

/usr/bin/uname -p = unknown
/bin/uname -X     = unknown

/bin/arch              = unknown
/usr/bin/arch -k       = unknown
/usr/convex/getsysinfo = unknown
/usr/bin/hostinfo      = unknown
/bin/machine           = unknown
/usr/bin/oslevel       = unknown
/bin/universe          = unknown

PATH: /opt/cross-loongson-4.5.2/bin
PATH: /usr/lib/lightdm/lightdm
PATH: /usr/local/sbin
PATH: /usr/local/bin
PATH: /usr/sbin
PATH: /usr/bin
PATH: /sbin
PATH: /bin
PATH: /usr/games
PATH: /opt/liteide/bin


## ----------- ##
## Core tests. ##
## ----------- ##

configure:2222: checking for a BSD-compatible install
configure:2290: result: /usr/bin/install -c
configure:2301: checking whether build environment is sane
configure:2351: result: yes
configure:2492: checking for a thread-safe mkdir -p
configure:2531: result: /bin/mkdir -p
configure:2544: checking for gawk
configure:2560: found /usr/bin/gawk
configure:2571: result: gawk
configure:2582: checking whether make sets $(MAKE)
configure:2604: result: yes
configure:2700: checking for style of include used by make
configure:2728: result: GNU
configure:2798: checking for gcc
configure:2814: found /usr/bin/gcc
configure:2825: result: gcc
configure:3054: checking for C compiler version
configure:3063: gcc --version >&5
gcc (Ubuntu/Linaro 4.6.3-1ubuntu5) 4.6.3
Copyright (C) 2011 Free Software Foundation, Inc.
This is free software; see the source for copying conditions.  There is NO
warranty; not even for MERCHANTABILITY or FITNESS FOR A PARTICULAR PURPOSE.

configure:3074: $? = 0
configure:3063: gcc -v >&5
Using built-in specs.
COLLECT_GCC=gcc
COLLECT_LTO_WRAPPER=/usr/lib/gcc/x86_64-linux-gnu/4.6/lto-wrapper
Target: x86_64-linux-gnu
Configured with: ../src/configure -v --with-pkgversion='Ubuntu/Linaro 4.6.3-1ubuntu5' --with-bugurl=file:///usr/share/doc/gcc-4.6/README.Bugs --enable-languages=c,c++,fortran,objc,obj-c++ --prefix=/usr --program-suffix=-4.6 --enable-shared --enable-linker-build-id --with-system-zlib --libexecdir=/usr/lib --without-included-gettext --enable-threads=posix --with-gxx-include-dir=/usr/include/c++/4.6 --libdir=/usr/lib --enable-nls --with-sysroot=/ --enable-clocale=gnu --enable-libstdcxx-debug --enable-libstdcxx-time=yes --enable-gnu-unique-object --enable-plugin --enable-objc-gc --disable-werror --with-arch-32=i686 --with-tune=generic --enable-checking=release --build=x86_64-linux-gnu --host=x86_64-linux-gnu --target=x86_64-linux-gnu
Thread model: posix
gcc version 4.6.3 (Ubuntu/Linaro 4.6.3-1ubuntu5) 
configure:3074: $? = 0
configure:3063: gcc -V >&5
gcc: error: unrecognized option '-V'
gcc: fatal error: no input files
compilation terminated.
configure:3074: $? = 4
configure:3063: gcc -qversion >&5
gcc: error: unrecognized option '-qversion'
gcc: fatal error: no input files
compilation terminated.
configure:3074: $? = 4
configure:3094: checking whether the C compiler works
configure:3116: gcc    conftest.c  >&5
configure:3120: $? = 0
configure:3168: result: yes
configure:3171: checking for C compiler default output file name
configure:3173: result: a.out
configure:3179: checking for suffix of executables
configure:3186: gcc -o conftest    conftest.c  >&5
configure:3190: $? = 0
configure:3212: result: 
configure:3234: checking whether we are cross compiling
configure:3242: gcc -o conftest    conftest.c  >&5
configure:3246: $? = 0
configure:3253: ./conftest
configure:3257: $? = 0
configure:3272: result: no
configure:3277: checking for suffix of object files
configure:3299: gcc -c   conftest.c >&5
configure:3303: $? = 0
configure:3324: result: o
configure:3328: checking whether we are using the GNU C compiler
configure:3347: gcc -c   conftest.c >&5
configure:3347: $? = 0
configure:3356: result: yes
configure:3365: checking whether gcc accepts -g
configure:3385: gcc -c -g  conftest.c >&5
configure:3385: $? = 0
configure:3426: result: yes
configure:3443: checking for gcc option to accept ISO C89
configure:3507: gcc  -c -g -O2  conftest.c >&5
configure:3507: $? = 0
configure:3520: result: none needed
configure:3542: checking dependency style of gcc
configure:3652: result: gcc3
configure:3668: checking for library containing strerror
configure:3699: gcc -o conftest -g -O2   conftest.c  >&5
configure:3699: $? = 0
configure:3716: result: none required
configure:3728: checking build system type
configure:3742: result: x86_64-unknown-linux-gnu
configure:3762: checking host system type
configure:3775: result: x86_64-unknown-linux-gnu
configure:3843: checking for gcc
configure:3870: result: gcc
configure:4099: checking for C compiler version
configure:4108: gcc --version >&5
gcc (Ubuntu/Linaro 4.6.3-1ubuntu5) 4.6.3
Copyright (C) 2011 Free Software Foundation, Inc.
This is free software; see the source for copying conditions.  There is NO
warranty; not even for MERCHANTABILITY or FITNESS FOR A PARTICULAR PURPOSE.

configure:4119: $? = 0
configure:4108: gcc -v >&5
Using built-in specs.
COLLECT_GCC=gcc
COLLECT_LTO_WRAPPER=/usr/lib/gcc/x86_64-linux-gnu/4.6/lto-wrapper
Target: x86_64-linux-gnu
Configured with: ../src/configure -v --with-pkgversion='Ubuntu/Linaro 4.6.3-1ubuntu5' --with-bugurl=file:///usr/share/doc/gcc-4.6/README.Bugs --enable-languages=c,c++,fortran,objc,obj-c++ --prefix=/usr --program-suffix=-4.6 --enable-shared --enable-linker-build-id --with-system-zlib --libexecdir=/usr/lib --without-included-gettext --enable-threads=posix --with-gxx-include-dir=/usr/include/c++/4.6 --libdir=/usr/lib --enable-nls --with-sysroot=/ --enable-clocale=gnu --enable-libstdcxx-debug --enable-libstdcxx-time=yes --enable-gnu-unique-object --enable-plugin --enable-objc-gc --disable-werror --with-arch-32=i686 --with-tune=generic --enable-checking=release --build=x86_64-linux-gnu --host=x86_64-linux-gnu --target=x86_64-linux-gnu
Thread model: posix
gcc version 4.6.3 (Ubuntu/Linaro 4.6.3-1ubuntu5) 
configure:4119: $? = 0
configure:4108: gcc -V >&5
gcc: error: unrecognized option '-V'
gcc: fatal error: no input files
compilation terminated.
configure:4119: $? = 4
configure:4108: gcc -qversion >&5
gcc: error: unrecognized option '-qversion'
gcc: fatal error: no input files
compilation terminated.
configure:4119: $? = 4
configure:4123: checking whether we are using the GNU C compiler
configure:4151: result: yes
configure:4160: checking whether gcc accepts -g
configure:4221: result: yes
configure:4238: checking for gcc option to accept ISO C89
configure:4315: result: none needed
configure:4337: checking dependency style of gcc
configure:4447: result: gcc3
configure:4467: checking how to run the C preprocessor
configure:4498: gcc -E  conftest.c
configure:4498: $? = 0
configure:4512: gcc -E  conftest.c
conftest.c:11:28: fatal error: ac_nonexistent.h: No such file or directory
compilation terminated.
configure:4512: $? = 1
configure: failed program was:
| /* confdefs.h */
| #define PACKAGE_NAME "libmms"
| #define PACKAGE_TARNAME "libmms"
| #define PACKAGE_VERSION "0.6.2"
| #define PACKAGE_STRING "libmms 0.6.2"
| #define PACKAGE_BUGREPORT ""
| #define PACKAGE_URL ""
| #define PACKAGE "libmms"
| #define VERSION "0.6.2"
| /* end confdefs.h.  */
| #include <ac_nonexistent.h>
configure:4537: result: gcc -E
configure:4557: gcc -E  conftest.c
configure:4557: $? = 0
configure:4571: gcc -E  conftest.c
conftest.c:11:28: fatal error: ac_nonexistent.h: No such file or directory
compilation terminated.
configure:4571: $? = 1
configure: failed program was:
| /* confdefs.h */
| #define PACKAGE_NAME "libmms"
| #define PACKAGE_TARNAME "libmms"
| #define PACKAGE_VERSION "0.6.2"
| #define PACKAGE_STRING "libmms 0.6.2"
| #define PACKAGE_BUGREPORT ""
| #define PACKAGE_URL ""
| #define PACKAGE "libmms"
| #define VERSION "0.6.2"
| /* end confdefs.h.  */
| #include <ac_nonexistent.h>
configure:4600: checking for grep that handles long lines and -e
configure:4658: result: /bin/grep
configure:4663: checking for egrep
configure:4725: result: /bin/grep -E
configure:4730: checking for ANSI C header files
configure:4750: gcc -c -g -O2  conftest.c >&5
configure:4750: $? = 0
configure:4823: gcc -o conftest -g -O2   conftest.c  >&5
configure:4823: $? = 0
configure:4823: ./conftest
configure:4823: $? = 0
configure:4834: result: yes
configure:5191: checking how to print strings
configure:5218: result: printf
configure:5239: checking for a sed that does not truncate output
configure:5303: result: /bin/sed
configure:5321: checking for fgrep
configure:5383: result: /bin/grep -F
configure:5418: checking for ld used by gcc
configure:5485: result: /usr/bin/ld
configure:5492: checking if the linker (/usr/bin/ld) is GNU ld
configure:5507: result: yes
configure:5519: checking for BSD- or MS-compatible name lister (nm)
configure:5568: result: /usr/bin/nm -B
configure:5698: checking the name lister (/usr/bin/nm -B) interface
configure:5705: gcc -c -g -O2  conftest.c >&5
configure:5708: /usr/bin/nm -B "conftest.o"
configure:5711: output
0000000000000000 B some_variable
configure:5718: result: BSD nm
configure:5721: checking whether ln -s works
configure:5725: result: yes
configure:5733: checking the maximum length of command line arguments
configure:5858: result: 1572864
configure:5875: checking whether the shell understands some XSI constructs
configure:5885: result: yes
configure:5889: checking whether the shell understands "+="
configure:5895: result: yes
configure:5930: checking for /usr/bin/ld option to reload object files
configure:5937: result: -r
configure:6006: checking for objdump
configure:6033: result: objdump
configure:6062: checking how to recognize dependent libraries
configure:6264: result: pass_all
configure:6324: checking for ar
configure:6340: found /usr/bin/ar
configure:6351: result: ar
configure:6429: checking for strip
configure:6445: found /usr/bin/strip
configure:6456: result: strip
configure:6528: checking for ranlib
configure:6544: found /usr/bin/ranlib
configure:6555: result: ranlib
configure:6657: checking command to parse /usr/bin/nm -B output from gcc object
configure:6775: gcc -c -g -O2  conftest.c >&5
configure:6778: $? = 0
configure:6782: /usr/bin/nm -B conftest.o \| sed -n -e 's/^.*[ ]\([ABCDGIRSTW][ABCDGIRSTW]*\)[ ][ ]*\([_A-Za-z][_A-Za-z0-9]*\)$/\1 \2 \2/p' \> conftest.nm
configure:6785: $? = 0
configure:6839: gcc -o conftest -g -O2   conftest.c conftstm.o >&5
configure:6842: $? = 0
configure:6880: result: ok
configure:6975: gcc -c -g -O2  conftest.c >&5
configure:6978: $? = 0
configure:7720: checking for sys/types.h
configure:7720: gcc -c -g -O2  conftest.c >&5
configure:7720: $? = 0
configure:7720: result: yes
configure:7720: checking for sys/stat.h
configure:7720: gcc -c -g -O2  conftest.c >&5
configure:7720: $? = 0
configure:7720: result: yes
configure:7720: checking for stdlib.h
configure:7720: gcc -c -g -O2  conftest.c >&5
configure:7720: $? = 0
configure:7720: result: yes
configure:7720: checking for string.h
configure:7720: gcc -c -g -O2  conftest.c >&5
configure:7720: $? = 0
configure:7720: result: yes
configure:7720: checking for memory.h
configure:7720: gcc -c -g -O2  conftest.c >&5
configure:7720: $? = 0
configure:7720: result: yes
configure:7720: checking for strings.h
configure:7720: gcc -c -g -O2  conftest.c >&5
configure:7720: $? = 0
configure:7720: result: yes
configure:7720: checking for inttypes.h
configure:7720: gcc -c -g -O2  conftest.c >&5
configure:7720: $? = 0
configure:7720: result: yes
configure:7720: checking for stdint.h
configure:7720: gcc -c -g -O2  conftest.c >&5
configure:7720: $? = 0
configure:7720: result: yes
configure:7720: checking for unistd.h
configure:7720: gcc -c -g -O2  conftest.c >&5
configure:7720: $? = 0
configure:7720: result: yes
configure:7734: checking for dlfcn.h
configure:7734: gcc -c -g -O2  conftest.c >&5
configure:7734: $? = 0
configure:7734: result: yes
configure:7919: checking for objdir
configure:7934: result: .libs
configure:8201: checking if gcc supports -fno-rtti -fno-exceptions
configure:8219: gcc -c -g -O2  -fno-rtti -fno-exceptions conftest.c >&5
cc1: warning: command line option '-fno-rtti' is valid for C++/ObjC++ but not for C [enabled by default]
configure:8223: $? = 0
configure:8236: result: no
configure:8256: checking for gcc option to produce PIC
configure:8541: result: -fPIC -DPIC
configure:8553: checking if gcc PIC flag -fPIC -DPIC works
configure:8571: gcc -c -g -O2  -fPIC -DPIC -DPIC conftest.c >&5
configure:8575: $? = 0
configure:8588: result: yes
configure:8612: checking if gcc static flag -static works
configure:8640: result: yes
configure:8655: checking if gcc supports -c -o file.o
configure:8676: gcc -c -g -O2  -o out/conftest2.o conftest.c >&5
configure:8680: $? = 0
configure:8702: result: yes
configure:8710: checking if gcc supports -c -o file.o
configure:8757: result: yes
configure:8790: checking whether the gcc linker (/usr/bin/ld -m elf_x86_64) supports shared libraries
configure:9865: result: yes
configure:9902: checking whether -lc should be explicitly linked in
configure:9910: gcc -c -g -O2  conftest.c >&5
configure:9913: $? = 0
configure:9928: gcc -shared conftest.o  -v -Wl,-soname -Wl,conftest -o conftest 2\>\&1 \| /bin/grep  -lc  \>/dev/null 2\>\&1
configure:9931: $? = 0
configure:9945: result: no
configure:10110: checking dynamic linker characteristics
configure:10565: gcc -o conftest -g -O2   -Wl,-rpath -Wl,/foo conftest.c  >&5
configure:10565: $? = 0
configure:10791: result: GNU/Linux ld.so
configure:10898: checking how to hardcode library paths into programs
configure:10923: result: immediate
configure:11463: checking whether stripping libraries is possible
configure:11468: result: yes
configure:11503: checking if libtool supports shared libraries
configure:11505: result: yes
configure:11508: checking whether to build shared libraries
configure:11529: result: yes
configure:11532: checking whether to build static libraries
configure:11536: result: yes
configure:11577: checking sys/socket.h usability
configure:11577: gcc -c -g -O2  conftest.c >&5
configure:11577: $? = 0
configure:11577: result: yes
configure:11577: checking sys/socket.h presence
configure:11577: gcc -E  conftest.c
configure:11577: $? = 0
configure:11577: result: yes
configure:11577: checking for sys/socket.h
configure:11577: result: yes
configure:11577: checking netinet/in.h usability
configure:11577: gcc -c -g -O2  conftest.c >&5
configure:11577: $? = 0
configure:11577: result: yes
configure:11577: checking netinet/in.h presence
configure:11577: gcc -E  conftest.c
configure:11577: $? = 0
configure:11577: result: yes
configure:11577: checking for netinet/in.h
configure:11577: result: yes
configure:11577: checking netdb.h usability
configure:11577: gcc -c -g -O2  conftest.c >&5
configure:11577: $? = 0
configure:11577: result: yes
configure:11577: checking netdb.h presence
configure:11577: gcc -E  conftest.c
configure:11577: $? = 0
configure:11577: result: yes
configure:11577: checking for netdb.h
configure:11577: result: yes
configure:11577: checking windows.h usability
configure:11577: gcc -c -g -O2  conftest.c >&5
conftest.c:59:21: fatal error: windows.h: No such file or directory
compilation terminated.
configure:11577: $? = 1
configure: failed program was:
| /* confdefs.h */
| #define PACKAGE_NAME "libmms"
| #define PACKAGE_TARNAME "libmms"
| #define PACKAGE_VERSION "0.6.2"
| #define PACKAGE_STRING "libmms 0.6.2"
| #define PACKAGE_BUGREPORT ""
| #define PACKAGE_URL ""
| #define PACKAGE "libmms"
| #define VERSION "0.6.2"
| #define STDC_HEADERS 1
| #define HAVE_SYS_TYPES_H 1
| #define HAVE_SYS_STAT_H 1
| #define HAVE_STDLIB_H 1
| #define HAVE_STRING_H 1
| #define HAVE_MEMORY_H 1
| #define HAVE_STRINGS_H 1
| #define HAVE_INTTYPES_H 1
| #define HAVE_STDINT_H 1
| #define HAVE_UNISTD_H 1
| #define HAVE_DLFCN_H 1
| #define LT_OBJDIR ".libs/"
| #define HAVE_SYS_SOCKET_H 1
| #define HAVE_NETINET_IN_H 1
| #define HAVE_NETDB_H 1
| /* end confdefs.h.  */
| #include <stdio.h>
| #ifdef HAVE_SYS_TYPES_H
| # include <sys/types.h>
| #endif
| #ifdef HAVE_SYS_STAT_H
| # include <sys/stat.h>
| #endif
| #ifdef STDC_HEADERS
| # include <stdlib.h>
| # include <stddef.h>
| #else
| # ifdef HAVE_STDLIB_H
| #  include <stdlib.h>
| # endif
| #endif
| #ifdef HAVE_STRING_H
| # if !defined STDC_HEADERS && defined HAVE_MEMORY_H
| #  include <memory.h>
| # endif
| # include <string.h>
| #endif
| #ifdef HAVE_STRINGS_H
| # include <strings.h>
| #endif
| #ifdef HAVE_INTTYPES_H
| # include <inttypes.h>
| #endif
| #ifdef HAVE_STDINT_H
| # include <stdint.h>
| #endif
| #ifdef HAVE_UNISTD_H
| # include <unistd.h>
| #endif
| #include <windows.h>
configure:11577: result: no
configure:11577: checking windows.h presence
configure:11577: gcc -E  conftest.c
conftest.c:26:21: fatal error: windows.h: No such file or directory
compilation terminated.
configure:11577: $? = 1
configure: failed program was:
| /* confdefs.h */
| #define PACKAGE_NAME "libmms"
| #define PACKAGE_TARNAME "libmms"
| #define PACKAGE_VERSION "0.6.2"
| #define PACKAGE_STRING "libmms 0.6.2"
| #define PACKAGE_BUGREPORT ""
| #define PACKAGE_URL ""
| #define PACKAGE "libmms"
| #define VERSION "0.6.2"
| #define STDC_HEADERS 1
| #define HAVE_SYS_TYPES_H 1
| #define HAVE_SYS_STAT_H 1
| #define HAVE_STDLIB_H 1
| #define HAVE_STRING_H 1
| #define HAVE_MEMORY_H 1
| #define HAVE_STRINGS_H 1
| #define HAVE_INTTYPES_H 1
| #define HAVE_STDINT_H 1
| #define HAVE_UNISTD_H 1
| #define HAVE_DLFCN_H 1
| #define LT_OBJDIR ".libs/"
| #define HAVE_SYS_SOCKET_H 1
| #define HAVE_NETINET_IN_H 1
| #define HAVE_NETDB_H 1
| /* end confdefs.h.  */
| #include <windows.h>
configure:11577: result: no
configure:11577: checking for windows.h
configure:11577: result: no
configure:11577: checking winsock2.h usability
configure:11577: gcc -c -g -O2  conftest.c >&5
conftest.c:59:22: fatal error: winsock2.h: No such file or directory
compilation terminated.
configure:11577: $? = 1
configure: failed program was:
| /* confdefs.h */
| #define PACKAGE_NAME "libmms"
| #define PACKAGE_TARNAME "libmms"
| #define PACKAGE_VERSION "0.6.2"
| #define PACKAGE_STRING "libmms 0.6.2"
| #define PACKAGE_BUGREPORT ""
| #define PACKAGE_URL ""
| #define PACKAGE "libmms"
| #define VERSION "0.6.2"
| #define STDC_HEADERS 1
| #define HAVE_SYS_TYPES_H 1
| #define HAVE_SYS_STAT_H 1
| #define HAVE_STDLIB_H 1
| #define HAVE_STRING_H 1
| #define HAVE_MEMORY_H 1
| #define HAVE_STRINGS_H 1
| #define HAVE_INTTYPES_H 1
| #define HAVE_STDINT_H 1
| #define HAVE_UNISTD_H 1
| #define HAVE_DLFCN_H 1
| #define LT_OBJDIR ".libs/"
| #define HAVE_SYS_SOCKET_H 1
| #define HAVE_NETINET_IN_H 1
| #define HAVE_NETDB_H 1
| /* end confdefs.h.  */
| #include <stdio.h>
| #ifdef HAVE_SYS_TYPES_H
| # include <sys/types.h>
| #endif
| #ifdef HAVE_SYS_STAT_H
| # include <sys/stat.h>
| #endif
| #ifdef STDC_HEADERS
| # include <stdlib.h>
| # include <stddef.h>
| #else
| # ifdef HAVE_STDLIB_H
| #  include <stdlib.h>
| # endif
| #endif
| #ifdef HAVE_STRING_H
| # if !defined STDC_HEADERS && defined HAVE_MEMORY_H
| #  include <memory.h>
| # endif
| # include <string.h>
| #endif
| #ifdef HAVE_STRINGS_H
| # include <strings.h>
| #endif
| #ifdef HAVE_INTTYPES_H
| # include <inttypes.h>
| #endif
| #ifdef HAVE_STDINT_H
| # include <stdint.h>
| #endif
| #ifdef HAVE_UNISTD_H
| # include <unistd.h>
| #endif
| #include <winsock2.h>
configure:11577: result: no
configure:11577: checking winsock2.h presence
configure:11577: gcc -E  conftest.c
conftest.c:26:22: fatal error: winsock2.h: No such file or directory
compilation terminated.
configure:11577: $? = 1
configure: failed program was:
| /* confdefs.h */
| #define PACKAGE_NAME "libmms"
| #define PACKAGE_TARNAME "libmms"
| #define PACKAGE_VERSION "0.6.2"
| #define PACKAGE_STRING "libmms 0.6.2"
| #define PACKAGE_BUGREPORT ""
| #define PACKAGE_URL ""
| #define PACKAGE "libmms"
| #define VERSION "0.6.2"
| #define STDC_HEADERS 1
| #define HAVE_SYS_TYPES_H 1
| #define HAVE_SYS_STAT_H 1
| #define HAVE_STDLIB_H 1
| #define HAVE_STRING_H 1
| #define HAVE_MEMORY_H 1
| #define HAVE_STRINGS_H 1
| #define HAVE_INTTYPES_H 1
| #define HAVE_STDINT_H 1
| #define HAVE_UNISTD_H 1
| #define HAVE_DLFCN_H 1
| #define LT_OBJDIR ".libs/"
| #define HAVE_SYS_SOCKET_H 1
| #define HAVE_NETINET_IN_H 1
| #define HAVE_NETDB_H 1
| /* end confdefs.h.  */
| #include <winsock2.h>
configure:11577: result: no
configure:11577: checking for winsock2.h
configure:11577: result: no
configure:11653: checking for pkg-config
configure:11671: found /usr/bin/pkg-config
configure:11683: result: /usr/bin/pkg-config
configure:11708: checking pkg-config is at least version 0.9.0
configure:11711: result: yes
configure:11721: checking for GLIB
configure:11728: $PKG_CONFIG --exists --print-errors "glib-2.0"
configure:11731: $? = 0
configure:11744: $PKG_CONFIG --exists --print-errors "glib-2.0"
configure:11747: $? = 0
configure:11806: result: yes
configure:11814: checking for large file support
configure:11831: gcc -o conftest -g -O2   conftest.c  >&5
configure:11831: $? = 0
configure:11831: ./conftest
configure:11831: $? = 0
configure:11833: result: yes
configure:11979: creating ./config.status

## ---------------------- ##
## Running config.status. ##
## ---------------------- ##

This file was extended by libmms config.status 0.6.2, which was
generated by GNU Autoconf 2.66.  Invocation command line was

  CONFIG_FILES    = 
  CONFIG_HEADERS  = 
  CONFIG_LINKS    = 
  CONFIG_COMMANDS = 
  $ ./config.status 

on workstation

config.status:1086: creating Makefile
config.status:1086: creating pkgconfig/Makefile
config.status:1086: creating pkgconfig/libmms.pc
config.status:1086: creating src/Makefile
config.status:1086: creating libmms.spec
config.status:1086: creating config.h
config.status:1266: config.h is unchanged
config.status:1086: creating src/mms_config.h
config.status:1266: src/mms_config.h is unchanged
config.status:1314: executing depfiles commands
config.status:1314: executing libtool commands

## ---------------- ##
## Cache variables. ##
## ---------------- ##

ac_cv_build=x86_64-unknown-linux-gnu
ac_cv_c_compiler_gnu=yes
ac_cv_env_CC_set=
ac_cv_env_CC_value=
ac_cv_env_CFLAGS_set=
ac_cv_env_CFLAGS_value=
ac_cv_env_CPPFLAGS_set=
ac_cv_env_CPPFLAGS_value=
ac_cv_env_CPP_set=
ac_cv_env_CPP_value=
ac_cv_env_GLIB_CFLAGS_set=
ac_cv_env_GLIB_CFLAGS_value=
ac_cv_env_GLIB_LIBS_set=
ac_cv_env_GLIB_LIBS_value=
ac_cv_env_LDFLAGS_set=
ac_cv_env_LDFLAGS_value=
ac_cv_env_LIBS_set=
ac_cv_env_LIBS_value=
ac_cv_env_PKG_CONFIG_LIBDIR_set=
ac_cv_env_PKG_CONFIG_LIBDIR_value=
ac_cv_env_PKG_CONFIG_PATH_set=
ac_cv_env_PKG_CONFIG_PATH_value=
ac_cv_env_PKG_CONFIG_set=
ac_cv_env_PKG_CONFIG_value=
ac_cv_env_build_alias_set=
ac_cv_env_build_alias_value=
ac_cv_env_host_alias_set=
ac_cv_env_host_alias_value=
ac_cv_env_target_alias_set=
ac_cv_env_target_alias_value=
ac_cv_header_dlfcn_h=yes
ac_cv_header_inttypes_h=yes
ac_cv_header_memory_h=yes
ac_cv_header_netdb_h=yes
ac_cv_header_netinet_in_h=yes
ac_cv_header_stdc=yes
ac_cv_header_stdint_h=yes
ac_cv_header_stdlib_h=yes
ac_cv_header_string_h=yes
ac_cv_header_strings_h=yes
ac_cv_header_sys_socket_h=yes
ac_cv_header_sys_stat_h=yes
ac_cv_header_sys_types_h=yes
ac_cv_header_unistd_h=yes
ac_cv_header_windows_h=no
ac_cv_header_winsock2_h=no
ac_cv_host=x86_64-unknown-linux-gnu
ac_cv_objext=o
ac_cv_path_EGREP='/bin/grep -E'
ac_cv_path_FGREP='/bin/grep -F'
ac_cv_path_GREP=/bin/grep
ac_cv_path_SED=/bin/sed
ac_cv_path_ac_pt_PKG_CONFIG=/usr/bin/pkg-config
ac_cv_path_install='/usr/bin/install -c'
ac_cv_path_mkdir=/bin/mkdir
ac_cv_prog_AWK=gawk
ac_cv_prog_CPP='gcc -E'
ac_cv_prog_ac_ct_AR=ar
ac_cv_prog_ac_ct_CC=gcc
ac_cv_prog_ac_ct_OBJDUMP=objdump
ac_cv_prog_ac_ct_RANLIB=ranlib
ac_cv_prog_ac_ct_STRIP=strip
ac_cv_prog_cc_c89=
ac_cv_prog_cc_g=yes
ac_cv_prog_make_make_set=yes
ac_cv_search_strerror='none required'
am_cv_CC_dependencies_compiler_type=gcc3
lt_cv_archive_cmds_need_lc=no
lt_cv_deplibs_check_method=pass_all
lt_cv_file_magic_cmd='$MAGIC_CMD'
lt_cv_file_magic_test_file=
lt_cv_ld_reload_flag=-r
lt_cv_nm_interface='BSD nm'
lt_cv_objdir=.libs
lt_cv_path_LD=/usr/bin/ld
lt_cv_path_NM='/usr/bin/nm -B'
lt_cv_prog_compiler_c_o=yes
lt_cv_prog_compiler_pic_works=yes
lt_cv_prog_compiler_rtti_exceptions=no
lt_cv_prog_compiler_static_works=yes
lt_cv_prog_gnu_ld=yes
lt_cv_shlibpath_overrides_runpath=no
lt_cv_sys_global_symbol_pipe='sed -n -e '\''s/^.*[	 ]\([ABCDGIRSTW][ABCDGIRSTW]*\)[	 ][	 ]*\([_A-Za-z][_A-Za-z0-9]*\)$/\1 \2 \2/p'\'''
lt_cv_sys_global_symbol_to_c_name_address='sed -n -e '\''s/^: \([^ ]*\) $/  {\"\1\", (void *) 0},/p'\'' -e '\''s/^[ABCDGIRSTW]* \([^ ]*\) \([^ ]*\)$/  {"\2", (void *) \&\2},/p'\'''
lt_cv_sys_global_symbol_to_c_name_address_lib_prefix='sed -n -e '\''s/^: \([^ ]*\) $/  {\"\1\", (void *) 0},/p'\'' -e '\''s/^[ABCDGIRSTW]* \([^ ]*\) \(lib[^ ]*\)$/  {"\2", (void *) \&\2},/p'\'' -e '\''s/^[ABCDGIRSTW]* \([^ ]*\) \([^ ]*\)$/  {"lib\2", (void *) \&\2},/p'\'''
lt_cv_sys_global_symbol_to_cdecl='sed -n -e '\''s/^T .* \(.*\)$/extern int \1();/p'\'' -e '\''s/^[ABCDGIRSTW]* .* \(.*\)$/extern char \1;/p'\'''
lt_cv_sys_max_cmd_len=1572864
pkg_cv_GLIB_CFLAGS='-I/usr/include/glib-2.0 -I/usr/lib/x86_64-linux-gnu/glib-2.0/include  '
pkg_cv_GLIB_LIBS='-lglib-2.0  '

## ----------------- ##
## Output variables. ##
## ----------------- ##

ACLOCAL='${SHELL} /home/tsuibin/code/libmms-0.6.2/missing --run aclocal-1.11'
AMDEPBACKSLASH='\'
AMDEP_FALSE='#'
AMDEP_TRUE=''
AMTAR='${SHELL} /home/tsuibin/code/libmms-0.6.2/missing --run tar'
AR='ar'
AS='as'
AUTOCONF='${SHELL} /home/tsuibin/code/libmms-0.6.2/missing --run autoconf'
AUTOHEADER='${SHELL} /home/tsuibin/code/libmms-0.6.2/missing --run autoheader'
AUTOMAKE='${SHELL} /home/tsuibin/code/libmms-0.6.2/missing --run automake-1.11'
AWK='gawk'
CC='gcc'
CCDEPMODE='depmode=gcc3'
CFLAGS='-g -O2'
CPP='gcc -E'
CPPFLAGS=''
CYGPATH_W='echo'
DEFS='-DHAVE_CONFIG_H'
DEPDIR='.deps'
DLLTOOL='dlltool'
DSYMUTIL=''
DUMPBIN=''
ECHO_C=''
ECHO_N='-n'
ECHO_T=''
EGREP='/bin/grep -E'
EXEEXT=''
FGREP='/bin/grep -F'
GLIB_CFLAGS='-I/usr/include/glib-2.0 -I/usr/lib/x86_64-linux-gnu/glib-2.0/include  '
GLIB_LIBS='-lglib-2.0  '
GREP='/bin/grep'
INSTALL_DATA='${INSTALL} -m 644'
INSTALL_PROGRAM='${INSTALL}'
INSTALL_SCRIPT='${INSTALL}'
INSTALL_STRIP_PROGRAM='$(install_sh) -c -s'
LD='/usr/bin/ld -m elf_x86_64'
LDFLAGS=''
LIBOBJS=''
LIBS=''
LIBTOOL='$(SHELL) $(top_builddir)/libtool'
LIPO=''
LN_S='ln -s'
LTLIBOBJS=''
MAKEINFO='${SHELL} /home/tsuibin/code/libmms-0.6.2/missing --run makeinfo'
MKDIR_P='/bin/mkdir -p'
MMS_CFLAGS=''
MMS_LIBS=''
MMS_PKG_CFLAGS='-D_LARGEFILE_SOURCE -D_FILE_OFFSET_BITS=64'
NM='/usr/bin/nm -B'
NMEDIT=''
OBJDUMP='objdump'
OBJEXT='o'
OTOOL64=''
OTOOL=''
PACKAGE='libmms'
PACKAGE_BUGREPORT=''
PACKAGE_NAME='libmms'
PACKAGE_STRING='libmms 0.6.2'
PACKAGE_TARNAME='libmms'
PACKAGE_URL=''
PACKAGE_VERSION='0.6.2'
PATH_SEPARATOR=':'
PKG_CONFIG='/usr/bin/pkg-config'
PKG_CONFIG_LIBDIR=''
PKG_CONFIG_PATH=''
RANLIB='ranlib'
SED='/bin/sed'
SET_MAKE=''
SHELL='/bin/bash'
STRIP='strip'
VERSION='0.6.2'
ac_ct_CC='gcc'
ac_ct_DUMPBIN=''
am__EXEEXT_FALSE=''
am__EXEEXT_TRUE='#'
am__fastdepCC_FALSE='#'
am__fastdepCC_TRUE=''
am__include='include'
am__isrc=''
am__leading_dot='.'
am__quote=''
am__tar='${AMTAR} chof - "$$tardir"'
am__untar='${AMTAR} xf -'
bindir='${exec_prefix}/bin'
build='x86_64-unknown-linux-gnu'
build_alias=''
build_cpu='x86_64'
build_os='linux-gnu'
build_vendor='unknown'
datadir='${datarootdir}'
datarootdir='${prefix}/share'
docdir='${datarootdir}/doc/${PACKAGE_TARNAME}'
dvidir='${docdir}'
exec_prefix='${prefix}'
host='x86_64-unknown-linux-gnu'
host_alias=''
host_cpu='x86_64'
host_os='linux-gnu'
host_vendor='unknown'
htmldir='${docdir}'
includedir='${prefix}/include'
infodir='${datarootdir}/info'
install_sh='${SHELL} /home/tsuibin/code/libmms-0.6.2/install-sh'
libdir='${exec_prefix}/lib'
libexecdir='${exec_prefix}/libexec'
localedir='${datarootdir}/locale'
localstatedir='${prefix}/var'
mandir='${datarootdir}/man'
mkdir_p='/bin/mkdir -p'
oldincludedir='/usr/include'
pdfdir='${docdir}'
prefix='/usr/local'
program_transform_name='s,x,x,'
psdir='${docdir}'
sbindir='${exec_prefix}/sbin'
sharedstatedir='${prefix}/com'
sysconfdir='${prefix}/etc'
target_alias=''

## ----------- ##
## confdefs.h. ##
## ----------- ##

/* confdefs.h */
#define PACKAGE_NAME "libmms"
#define PACKAGE_TARNAME "libmms"
#define PACKAGE_VERSION "0.6.2"
#define PACKAGE_STRING "libmms 0.6.2"
#define PACKAGE_BUGREPORT ""
#define PACKAGE_URL ""
#define PACKAGE "libmms"
#define VERSION "0.6.2"
#define STDC_HEADERS 1
#define HAVE_SYS_TYPES_H 1
#define HAVE_SYS_STAT_H 1
#define HAVE_STDLIB_H 1
#define HAVE_STRING_H 1
#define HAVE_MEMORY_H 1
#define HAVE_STRINGS_H 1
#define HAVE_INTTYPES_H 1
#define HAVE_STDINT_H 1
#define HAVE_UNISTD_H 1
#define HAVE_DLFCN_H 1
#define LT_OBJDIR ".libs/"
#define HAVE_SYS_SOCKET_H 1
#define HAVE_NETINET_IN_H 1
#define HAVE_NETDB_H 1
#define LIBMMS_HAVE_64BIT_OFF_T 1

configure: exit 0
